<?xml version="1.0" encoding="UTF-8"?>
<robot generator="Robot 5.0.1 (Python 3.10.5 on win32)" generated="20220620 20:04:05.325" rpa="false" schemaversion="3">
<suite id="s1" name="Dropdownmenu" source="C:\Users\admin\Documents\DemoRobotRF\dropdownmenu.robot">
<kw name="Open Browser" library="SeleniumLibrary" type="SETUP">
<arg>${base_url}</arg>
<arg>${browser_type}</arg>
<doc>Opens a new browser instance to the optional ``url``.</doc>
<msg timestamp="20220620 20:04:05.624" level="INFO">Opening browser 'Chrome' to base url 'https://the-internet.herokuapp.com/dropdown'.</msg>
<status status="PASS" starttime="20220620 20:04:05.624" endtime="20220620 20:04:12.197"/>
</kw>
<test id="s1-t1" name="I selecting Option 2 in dropdown menu" line="14">
<kw name="Maximize Browser Window" library="SeleniumLibrary">
<doc>Maximizes current browser window.</doc>
<status status="PASS" starttime="20220620 20:04:12.200" endtime="20220620 20:04:12.328"/>
</kw>
<kw name="Element Should Be Visible" library="SeleniumLibrary">
<arg>//select[@id="dropdown"]</arg>
<doc>Verifies that the element identified by ``locator`` is visible.</doc>
<msg timestamp="20220620 20:04:12.366" level="INFO">Element '//select[@id="dropdown"]' is displayed.</msg>
<status status="PASS" starttime="20220620 20:04:12.329" endtime="20220620 20:04:12.366"/>
</kw>
<kw name="Select From List By Index" library="SeleniumLibrary">
<arg>//select[@id="dropdown"]</arg>
<arg>2</arg>
<doc>Selects options from selection list ``locator`` by ``indexes``.</doc>
<msg timestamp="20220620 20:04:12.367" level="INFO">Selecting options from selection list '//select[@id="dropdown"]' by index 2.</msg>
<status status="PASS" starttime="20220620 20:04:12.367" endtime="20220620 20:04:12.494"/>
</kw>
<kw name="Sleep" library="BuiltIn">
<arg>3s</arg>
<doc>Pauses the test executed for the given time.</doc>
<msg timestamp="20220620 20:04:15.501" level="INFO">Slept 3 seconds</msg>
<status status="PASS" starttime="20220620 20:04:12.495" endtime="20220620 20:04:15.501"/>
</kw>
<kw name="List Selection Should Be" library="SeleniumLibrary">
<arg>//select[@id="dropdown"]</arg>
<arg>Option 2</arg>
<doc>Verifies selection list ``locator`` has ``expected`` options selected.</doc>
<msg timestamp="20220620 20:04:15.503" level="INFO">Verifying list '//select[@id="dropdown"]' has option [ Option 2 ] selected.</msg>
<msg timestamp="20220620 20:04:15.518" level="INFO">Current page contains list '//select[@id="dropdown"]'.</msg>
<status status="PASS" starttime="20220620 20:04:15.503" endtime="20220620 20:04:15.585"/>
</kw>
<kw name="Sleep" library="BuiltIn">
<arg>3s</arg>
<doc>Pauses the test executed for the given time.</doc>
<msg timestamp="20220620 20:04:18.592" level="INFO">Slept 3 seconds</msg>
<status status="PASS" starttime="20220620 20:04:15.586" endtime="20220620 20:04:18.592"/>
</kw>
<status status="PASS" starttime="20220620 20:04:12.198" endtime="20220620 20:04:18.593"/>
</test>
<test id="s1-t2" name="I selecting Option 1 in dropdown menu" line="22">
<kw name="Maximize Browser Window" library="SeleniumLibrary">
<doc>Maximizes current browser window.</doc>
<status status="PASS" starttime="20220620 20:04:18.596" endtime="20220620 20:04:18.602"/>
</kw>
<kw name="Element Should Be Visible" library="SeleniumLibrary">
<arg>//select[@id="dropdown"]</arg>
<doc>Verifies that the element identified by ``locator`` is visible.</doc>
<msg timestamp="20220620 20:04:18.626" level="INFO">Element '//select[@id="dropdown"]' is displayed.</msg>
<status status="PASS" starttime="20220620 20:04:18.603" endtime="20220620 20:04:18.626"/>
</kw>
<kw name="Select From List By Index" library="SeleniumLibrary">
<arg>//select[@id="dropdown"]</arg>
<arg>1</arg>
<doc>Selects options from selection list ``locator`` by ``indexes``.</doc>
<msg timestamp="20220620 20:04:18.627" level="INFO">Selecting options from selection list '//select[@id="dropdown"]' by index 1.</msg>
<status status="PASS" starttime="20220620 20:04:18.626" endtime="20220620 20:04:18.710"/>
</kw>
<kw name="Sleep" library="BuiltIn">
<arg>3s</arg>
<doc>Pauses the test executed for the given time.</doc>
<msg timestamp="20220620 20:04:21.711" level="INFO">Slept 3 seconds</msg>
<status status="PASS" starttime="20220620 20:04:18.711" endtime="20220620 20:04:21.711"/>
</kw>
<kw name="List Selection Should Be" library="SeleniumLibrary">
<arg>//select[@id="dropdown"]</arg>
<arg>Option 1</arg>
<doc>Verifies selection list ``locator`` has ``expected`` options selected.</doc>
<msg timestamp="20220620 20:04:21.714" level="INFO">Verifying list '//select[@id="dropdown"]' has option [ Option 1 ] selected.</msg>
<msg timestamp="20220620 20:04:21.737" level="INFO">Current page contains list '//select[@id="dropdown"]'.</msg>
<status status="PASS" starttime="20220620 20:04:21.713" endtime="20220620 20:04:21.812"/>
</kw>
<kw name="Sleep" library="BuiltIn">
<arg>3s</arg>
<doc>Pauses the test executed for the given time.</doc>
<msg timestamp="20220620 20:04:24.823" level="INFO">Slept 3 seconds</msg>
<status status="PASS" starttime="20220620 20:04:21.813" endtime="20220620 20:04:24.823"/>
</kw>
<status status="PASS" starttime="20220620 20:04:18.595" endtime="20220620 20:04:24.824"/>
</test>
<kw name="Close Browser" library="SeleniumLibrary" type="TEARDOWN">
<doc>Closes the current browser.</doc>
<status status="PASS" starttime="20220620 20:04:24.828" endtime="20220620 20:04:27.170"/>
</kw>
<status status="PASS" starttime="20220620 20:04:05.327" endtime="20220620 20:04:27.170"/>
</suite>
<statistics>
<total>
<stat pass="2" fail="0" skip="0">All Tests</stat>
</total>
<tag>
</tag>
<suite>
<stat pass="2" fail="0" skip="0" id="s1" name="Dropdownmenu">Dropdownmenu</stat>
</suite>
</statistics>
<errors>
</errors>
</robot>
